{
  "stats": {
    "suites": 3,
    "tests": 3,
    "passes": 3,
    "pending": 0,
    "failures": 0,
    "start": "2017-10-15T09:04:39.321Z",
    "end": "2017-10-15T09:04:42.565Z",
    "duration": 3244,
    "testsRegistered": 3,
    "passPercent": 100,
    "pendingPercent": 0,
    "other": 0,
    "hasOther": false,
    "skipped": 0,
    "hasSkipped": false,
    "passPercentClass": "success",
    "pendingPercentClass": "danger"
  },
  "suites": {
    "title": "",
    "suites": [
      {
        "title": "add func test",
        "suites": [],
        "tests": [
          {
            "title": "2 add 2 should equal 4",
            "fullTitle": "add func test 2 add 2 should equal 4",
            "timedOut": false,
            "duration": 2,
            "state": "passed",
            "speed": "fast",
            "pass": true,
            "fail": false,
            "pending": false,
            "code": "calcu.add(2,2).should.equal(4)",
            "err": {},
            "isRoot": false,
            "uuid": "f2fd198e-e72d-4fa5-be31-2a01a1ea78dd",
            "parentUUID": "83b01c81-88a9-4bab-ab10-162abd8fdfa8",
            "isHook": false,
            "skipped": false
          }
        ],
        "pending": [],
        "root": false,
        "_timeout": 5000,
        "file": "/demo1/calcu.test.js",
        "uuid": "83b01c81-88a9-4bab-ab10-162abd8fdfa8",
        "beforeHooks": [],
        "afterHooks": [],
        "fullFile": "/Users/tliu133/Desktop/tempPj/study-mocha/demo1/calcu.test.js",
        "passes": [
          {
            "title": "2 add 2 should equal 4",
            "fullTitle": "add func test 2 add 2 should equal 4",
            "timedOut": false,
            "duration": 2,
            "state": "passed",
            "speed": "fast",
            "pass": true,
            "fail": false,
            "pending": false,
            "code": "calcu.add(2,2).should.equal(4)",
            "err": {},
            "isRoot": false,
            "uuid": "f2fd198e-e72d-4fa5-be31-2a01a1ea78dd",
            "parentUUID": "83b01c81-88a9-4bab-ab10-162abd8fdfa8",
            "isHook": false,
            "skipped": false
          }
        ],
        "failures": [],
        "skipped": [],
        "hasBeforeHooks": false,
        "hasAfterHooks": false,
        "hasTests": true,
        "hasSuites": false,
        "totalTests": 1,
        "totalPasses": 1,
        "totalFailures": 0,
        "totalPending": 0,
        "totalSkipped": 0,
        "hasPasses": true,
        "hasFailures": false,
        "hasPending": false,
        "hasSkipped": false,
        "duration": 2,
        "rootEmpty": false
      },
      {
        "title": "async",
        "suites": [],
        "tests": [
          {
            "title": "read book async",
            "fullTitle": "async read book async",
            "timedOut": false,
            "duration": 3012,
            "state": "passed",
            "speed": "slow",
            "pass": true,
            "fail": false,
            "pending": false,
            "code": "book.read((err, result) => {\n  expect(err).equal(null);\n  expect(result).to.be.a('string');\n  done();\n})",
            "err": {},
            "isRoot": false,
            "uuid": "6f94f3d2-3bda-4bd7-b2b4-7ba919ae27fb",
            "parentUUID": "f61a40d6-a70b-44de-9bd7-f81ad236e44d",
            "isHook": false,
            "skipped": false
          }
        ],
        "pending": [],
        "root": false,
        "_timeout": 5000,
        "file": "/demo2/book.test.js",
        "uuid": "f61a40d6-a70b-44de-9bd7-f81ad236e44d",
        "beforeHooks": [],
        "afterHooks": [],
        "fullFile": "/Users/tliu133/Desktop/tempPj/study-mocha/demo2/book.test.js",
        "passes": [
          {
            "title": "read book async",
            "fullTitle": "async read book async",
            "timedOut": false,
            "duration": 3012,
            "state": "passed",
            "speed": "slow",
            "pass": true,
            "fail": false,
            "pending": false,
            "code": "book.read((err, result) => {\n  expect(err).equal(null);\n  expect(result).to.be.a('string');\n  done();\n})",
            "err": {},
            "isRoot": false,
            "uuid": "6f94f3d2-3bda-4bd7-b2b4-7ba919ae27fb",
            "parentUUID": "f61a40d6-a70b-44de-9bd7-f81ad236e44d",
            "isHook": false,
            "skipped": false
          }
        ],
        "failures": [],
        "skipped": [],
        "hasBeforeHooks": false,
        "hasAfterHooks": false,
        "hasTests": true,
        "hasSuites": false,
        "totalTests": 1,
        "totalPasses": 1,
        "totalFailures": 0,
        "totalPending": 0,
        "totalSkipped": 0,
        "hasPasses": true,
        "hasFailures": false,
        "hasPending": false,
        "hasSkipped": false,
        "duration": 3012,
        "rootEmpty": false
      },
      {
        "title": "api",
        "suites": [],
        "tests": [
          {
            "title": "get baidu information",
            "fullTitle": "api get baidu information",
            "timedOut": false,
            "duration": 218,
            "state": "passed",
            "speed": "slow",
            "pass": true,
            "fail": false,
            "pending": false,
            "code": "request('https://www.baidu.com')\n  .get('/')\n  .expect(200)\n  .expect('Content-Type', /html/)\n  .end(function (err, res) {\n    expect(res).to.be.an('object');\n    done();\n  });",
            "err": {},
            "isRoot": false,
            "uuid": "5ec27e12-4886-4412-b894-9d9d891a7920",
            "parentUUID": "736171e3-5dfb-4daf-b3f3-d2e04ee12c36",
            "isHook": false,
            "skipped": false
          }
        ],
        "pending": [],
        "root": false,
        "_timeout": 5000,
        "file": "/demo3/api.test.js",
        "uuid": "736171e3-5dfb-4daf-b3f3-d2e04ee12c36",
        "beforeHooks": [],
        "afterHooks": [],
        "fullFile": "/Users/tliu133/Desktop/tempPj/study-mocha/demo3/api.test.js",
        "passes": [
          {
            "title": "get baidu information",
            "fullTitle": "api get baidu information",
            "timedOut": false,
            "duration": 218,
            "state": "passed",
            "speed": "slow",
            "pass": true,
            "fail": false,
            "pending": false,
            "code": "request('https://www.baidu.com')\n  .get('/')\n  .expect(200)\n  .expect('Content-Type', /html/)\n  .end(function (err, res) {\n    expect(res).to.be.an('object');\n    done();\n  });",
            "err": {},
            "isRoot": false,
            "uuid": "5ec27e12-4886-4412-b894-9d9d891a7920",
            "parentUUID": "736171e3-5dfb-4daf-b3f3-d2e04ee12c36",
            "isHook": false,
            "skipped": false
          }
        ],
        "failures": [],
        "skipped": [],
        "hasBeforeHooks": false,
        "hasAfterHooks": false,
        "hasTests": true,
        "hasSuites": false,
        "totalTests": 1,
        "totalPasses": 1,
        "totalFailures": 0,
        "totalPending": 0,
        "totalSkipped": 0,
        "hasPasses": true,
        "hasFailures": false,
        "hasPending": false,
        "hasSkipped": false,
        "duration": 218,
        "rootEmpty": false
      }
    ],
    "tests": [],
    "pending": [],
    "root": true,
    "_timeout": 5000,
    "uuid": "ec652b4b-ee00-4b3e-8d43-c9a02a6ddc12",
    "beforeHooks": [],
    "afterHooks": [],
    "fullFile": "",
    "file": "",
    "passes": [],
    "failures": [],
    "skipped": [],
    "hasBeforeHooks": false,
    "hasAfterHooks": false,
    "hasTests": false,
    "hasSuites": true,
    "totalTests": 0,
    "totalPasses": 0,
    "totalFailures": 0,
    "totalPending": 0,
    "totalSkipped": 0,
    "hasPasses": false,
    "hasFailures": false,
    "hasPending": false,
    "hasSkipped": false,
    "duration": 0,
    "rootEmpty": true
  },
  "allTests": [
    {
      "title": "2 add 2 should equal 4",
      "fullTitle": "add func test 2 add 2 should equal 4",
      "timedOut": false,
      "duration": 2,
      "state": "passed",
      "speed": "fast",
      "pass": true,
      "fail": false,
      "pending": false,
      "code": "calcu.add(2,2).should.equal(4)",
      "err": {},
      "isRoot": false,
      "uuid": "f2fd198e-e72d-4fa5-be31-2a01a1ea78dd",
      "parentUUID": "83b01c81-88a9-4bab-ab10-162abd8fdfa8",
      "isHook": false,
      "skipped": false
    },
    {
      "title": "read book async",
      "fullTitle": "async read book async",
      "timedOut": false,
      "duration": 3012,
      "state": "passed",
      "speed": "slow",
      "pass": true,
      "fail": false,
      "pending": false,
      "code": "book.read((err, result) => {\n  expect(err).equal(null);\n  expect(result).to.be.a('string');\n  done();\n})",
      "err": {},
      "isRoot": false,
      "uuid": "6f94f3d2-3bda-4bd7-b2b4-7ba919ae27fb",
      "parentUUID": "f61a40d6-a70b-44de-9bd7-f81ad236e44d",
      "isHook": false,
      "skipped": false
    },
    {
      "title": "get baidu information",
      "fullTitle": "api get baidu information",
      "timedOut": false,
      "duration": 218,
      "state": "passed",
      "speed": "slow",
      "pass": true,
      "fail": false,
      "pending": false,
      "code": "request('https://www.baidu.com')\n  .get('/')\n  .expect(200)\n  .expect('Content-Type', /html/)\n  .end(function (err, res) {\n    expect(res).to.be.an('object');\n    done();\n  });",
      "err": {},
      "isRoot": false,
      "uuid": "5ec27e12-4886-4412-b894-9d9d891a7920",
      "parentUUID": "736171e3-5dfb-4daf-b3f3-d2e04ee12c36",
      "isHook": false,
      "skipped": false
    }
  ],
  "allPending": [],
  "allPasses": [
    {
      "title": "2 add 2 should equal 4",
      "fullTitle": "add func test 2 add 2 should equal 4",
      "timedOut": false,
      "duration": 2,
      "state": "passed",
      "speed": "fast",
      "pass": true,
      "fail": false,
      "pending": false,
      "code": "calcu.add(2,2).should.equal(4)",
      "err": {},
      "isRoot": false,
      "uuid": "f2fd198e-e72d-4fa5-be31-2a01a1ea78dd",
      "parentUUID": "83b01c81-88a9-4bab-ab10-162abd8fdfa8",
      "isHook": false,
      "skipped": false
    },
    {
      "title": "read book async",
      "fullTitle": "async read book async",
      "timedOut": false,
      "duration": 3012,
      "state": "passed",
      "speed": "slow",
      "pass": true,
      "fail": false,
      "pending": false,
      "code": "book.read((err, result) => {\n  expect(err).equal(null);\n  expect(result).to.be.a('string');\n  done();\n})",
      "err": {},
      "isRoot": false,
      "uuid": "6f94f3d2-3bda-4bd7-b2b4-7ba919ae27fb",
      "parentUUID": "f61a40d6-a70b-44de-9bd7-f81ad236e44d",
      "isHook": false,
      "skipped": false
    },
    {
      "title": "get baidu information",
      "fullTitle": "api get baidu information",
      "timedOut": false,
      "duration": 218,
      "state": "passed",
      "speed": "slow",
      "pass": true,
      "fail": false,
      "pending": false,
      "code": "request('https://www.baidu.com')\n  .get('/')\n  .expect(200)\n  .expect('Content-Type', /html/)\n  .end(function (err, res) {\n    expect(res).to.be.an('object');\n    done();\n  });",
      "err": {},
      "isRoot": false,
      "uuid": "5ec27e12-4886-4412-b894-9d9d891a7920",
      "parentUUID": "736171e3-5dfb-4daf-b3f3-d2e04ee12c36",
      "isHook": false,
      "skipped": false
    }
  ],
  "allFailures": [],
  "copyrightYear": 2017
}